2025-10-02 10:32:55 error: Error deleting program: 
Invalid `tx.programs.delete()` invocation in
C:\Users\Victor\Documents\GitHub\myo-express-prisma\src\services\repositories\programRepository.ts:447:28

  444 });
  445 
  446 // 9. Finally delete the program
→ 447 await tx.programs.delete(
Foreign key constraint violated on the constraint: `program_progression_settings_program_id_fkey`
2025-10-02 10:33:00 error: Error deleting program: 
Invalid `tx.programs.delete()` invocation in
C:\Users\Victor\Documents\GitHub\myo-express-prisma\src\services\repositories\programRepository.ts:447:28

  444 });
  445 
  446 // 9. Finally delete the program
→ 447 await tx.programs.delete(
Foreign key constraint violated on the constraint: `program_progression_settings_program_id_fkey`
2025-10-10 10:35:13 error: Error deleting program: 
Invalid `tx.programs.delete()` invocation in
C:\Users\Victor\Documents\GitHub\myo-express-prisma\src\services\repositories\programRepository.ts:447:28

  444 });
  445 
  446 // 9. Finally delete the program
→ 447 await tx.programs.delete(
Foreign key constraint violated on the constraint: `program_progression_settings_program_id_fkey`
2025-10-15 13:01:14 error: Error deleting program: 
Invalid `tx.programs.delete()` invocation in
C:\Users\Victor\Documents\GitHub\myo-express-prisma\src\services\repositories\programRepository.ts:562:28

  559 });
  560 
  561 // 9. Finally delete the program
→ 562 await tx.programs.delete(
Foreign key constraint violated on the constraint: `program_progression_settings_program_id_fkey`
2025-10-21 14:16:27 error: Error updating program status: Invalid status transition from COMPLETED to ACTIVE
2025-11-19 09:47:09 error: SyntaxError: Unexpected token '1', "120" is not valid JSON
2025-12-15 08:17:18 error: Error fetching programs for user: No programs found for this user
2026-02-12 08:21:33 error: Error creating exercise: 
Invalid `prisma.exercises.create()` invocation in
C:\Myo-project\myo-express-prisma\src\services\repositories\exerciseRepository.ts:44:29

  41 },
  42 
  43 create: async (exerciseData: Omit<exercises, "id" | "createdAt">) => {
→ 44   return prisma.exercises.create(
Unique constraint failed on the fields: (`name`)
